<?xml version="1.0" encoding="UTF-8"?>
<robot generated="20170329 15:20:25.495" generator="Robot 3.0.2 (Python 2.7.13 on win32)">
<suite source="C:\Users\rchoks200\PycharmProjects\RobotFramework\first.robot" id="s1" name="First">
<test id="s1-t1" name="User must sign in to check out">
<kw name="Open Browser" library="Selenium2Library">
<doc>Opens a new browser instance to given URL.</doc>
<arguments>
<arg>http://www.amazon.com</arg>
<arg>chrome</arg>
</arguments>
<msg timestamp="20170329 15:20:25.636" level="INFO">Opening browser 'chrome' to base url 'http://www.amazon.com'</msg>
<status status="PASS" endtime="20170329 15:20:30.460" starttime="20170329 15:20:25.635"></status>
</kw>
<kw name="Click Element" library="Selenium2Library">
<doc>Click element identified by `locator`.</doc>
<arguments>
<arg>id=nav-signin-tooltip</arg>
</arguments>
<msg timestamp="20170329 15:20:30.461" level="INFO">Clicking element 'id=nav-signin-tooltip'.</msg>
<status status="PASS" endtime="20170329 15:20:31.038" starttime="20170329 15:20:30.461"></status>
</kw>
<kw name="Input Text" library="Selenium2Library">
<doc>Types the given `text` into text field identified by `locator`.</doc>
<arguments>
<arg>ap_email</arg>
<arg>chokshiruchit@yahoo.com</arg>
</arguments>
<msg timestamp="20170329 15:20:31.039" level="INFO">Typing text 'chokshiruchit@yahoo.com' into text field 'ap_email'</msg>
<status status="PASS" endtime="20170329 15:20:31.203" starttime="20170329 15:20:31.038"></status>
</kw>
<kw name="Capture Page Screenshot" library="Selenium2Library">
<doc>Takes a screenshot of the current page and embeds it into the log.</doc>
<assign>
<var>${file3}</var>
</assign>
<msg timestamp="20170329 15:20:32.441" html="yes" level="INFO">&lt;/td&gt;&lt;/tr&gt;&lt;tr&gt;&lt;td colspan="3"&gt;&lt;a href="selenium-screenshot-1.png"&gt;&lt;img src="selenium-screenshot-1.png" width="800px"&gt;&lt;/a&gt;</msg>
<msg timestamp="20170329 15:20:32.441" level="INFO">${file3} = C:\Users\rchoks200\PycharmProjects\RobotFramework\open_results\selenium-screenshot-1.png</msg>
<status status="PASS" endtime="20170329 15:20:32.441" starttime="20170329 15:20:31.203"></status>
</kw>
<kw name="Input Text" library="Selenium2Library">
<doc>Types the given `text` into text field identified by `locator`.</doc>
<arguments>
<arg>ap_password</arg>
<arg>ruchit1234</arg>
</arguments>
<msg timestamp="20170329 15:20:32.442" level="INFO">Typing text 'ruchit1234' into text field 'ap_password'</msg>
<status status="PASS" endtime="20170329 15:20:32.576" starttime="20170329 15:20:32.442"></status>
</kw>
<kw name="Set Selenium Speed" library="Selenium2Library">
<doc>Sets the delay in seconds that is waited after each Selenium command.</doc>
<arguments>
<arg>.5 seconds</arg>
</arguments>
<status status="PASS" endtime="20170329 15:20:32.577" starttime="20170329 15:20:32.576"></status>
</kw>
<kw name="Click Element" library="Selenium2Library">
<doc>Click element identified by `locator`.</doc>
<arguments>
<arg>id=signInSubmit</arg>
</arguments>
<msg timestamp="20170329 15:20:32.578" level="INFO">Clicking element 'id=signInSubmit'.</msg>
<status status="PASS" endtime="20170329 15:20:35.076" starttime="20170329 15:20:32.577"></status>
</kw>
<kw name="Click Element" library="Selenium2Library">
<doc>Click element identified by `locator`.</doc>
<arguments>
<arg>id=nav-cart-count</arg>
</arguments>
<msg timestamp="20170329 15:20:35.076" level="INFO">Clicking element 'id=nav-cart-count'.</msg>
<status status="PASS" endtime="20170329 15:20:38.508" starttime="20170329 15:20:35.076"></status>
</kw>
<kw name="Mouse Over" library="Selenium2Library">
<doc>Simulates hovering mouse over the element specified by `locator`.</doc>
<arguments>
<arg>id=nav-link-accountList</arg>
</arguments>
<msg timestamp="20170329 15:20:38.510" level="INFO">Simulating Mouse Over on element 'id=nav-link-accountList'</msg>
<status status="PASS" endtime="20170329 15:20:39.610" starttime="20170329 15:20:38.509"></status>
</kw>
<kw name="Capture Page Screenshot" library="Selenium2Library">
<doc>Takes a screenshot of the current page and embeds it into the log.</doc>
<assign>
<var>${file2}</var>
</assign>
<msg timestamp="20170329 15:20:40.252" html="yes" level="INFO">&lt;/td&gt;&lt;/tr&gt;&lt;tr&gt;&lt;td colspan="3"&gt;&lt;a href="selenium-screenshot-2.png"&gt;&lt;img src="selenium-screenshot-2.png" width="800px"&gt;&lt;/a&gt;</msg>
<msg timestamp="20170329 15:20:40.252" level="INFO">${file2} = C:\Users\rchoks200\PycharmProjects\RobotFramework\open_results\selenium-screenshot-2.png</msg>
<status status="PASS" endtime="20170329 15:20:40.252" starttime="20170329 15:20:39.612"></status>
</kw>
<kw name="Click Link" library="Selenium2Library">
<doc>Clicks a link identified by locator.</doc>
<arguments>
<arg>default=/gp/flex/sign-out.html/ref=nav_youraccount_signout?ie=UTF8&amp;action=sign-out&amp;path=%2Fgp%2Fyourstore%2Fhome&amp;signIn=1&amp;useRedirectOnSuccess=1</arg>
</arguments>
<msg timestamp="20170329 15:20:40.254" level="INFO">Clicking link 'default=/gp/flex/sign-out.html/ref=nav_youraccount_signout?ie=UTF8&amp;action=sign-out&amp;path=%2Fgp%2Fyourstore%2Fhome&amp;signIn=1&amp;useRedirectOnSuccess=1'.</msg>
<kw name="Capture Page Screenshot" library="Selenium2Library">
<doc>Takes a screenshot of the current page and embeds it into the log.</doc>
<msg timestamp="20170329 15:20:42.056" html="yes" level="INFO">&lt;/td&gt;&lt;/tr&gt;&lt;tr&gt;&lt;td colspan="3"&gt;&lt;a href="selenium-screenshot-3.png"&gt;&lt;img src="selenium-screenshot-3.png" width="800px"&gt;&lt;/a&gt;</msg>
<status status="PASS" endtime="20170329 15:20:42.056" starttime="20170329 15:20:41.405"></status>
</kw>
<msg timestamp="20170329 15:20:42.063" level="FAIL">ElementNotVisibleException: Message: element not visible
  (Session info: chrome=56.0.2924.87)
  (Driver info: chromedriver=2.27.440174 (e97a722caafc2d3a8b807ee115bfb307f7d2cfd9),platform=Windows NT 10.0.14393 x86_64)
</msg>
<status status="FAIL" endtime="20170329 15:20:42.063" starttime="20170329 15:20:40.254"></status>
</kw>
<doc>This is some basic information about the test</doc>
<tags>
<tag>Smoke</tag>
</tags>
<status status="FAIL" endtime="20170329 15:20:42.064" critical="yes" starttime="20170329 15:20:25.635">ElementNotVisibleException: Message: element not visible
  (Session info: chrome=56.0.2924.87)
  (Driver info: chromedriver=2.27.440174 (e97a722caafc2d3a8b807ee115bfb307f7d2cfd9),platform=Windows NT 10.0.14393 x86_64)
</status>
</test>
<doc>This is some basic info about some whole suite</doc>
<status status="FAIL" endtime="20170329 15:20:42.070" starttime="20170329 15:20:25.499"></status>
</suite>
<statistics>
<total>
<stat fail="1" pass="0">Critical Tests</stat>
<stat fail="1" pass="0">All Tests</stat>
</total>
<tag>
<stat fail="1" pass="0">Smoke</stat>
</tag>
<suite>
<stat fail="1" id="s1" name="First" pass="0">First</stat>
</suite>
</statistics>
<errors>
</errors>
</robot>
